\BOOKMARK [1][-]{section.1}{\376\377\004\043\004\101\004\073\004\076\004\062\004\075\004\113\004\065\000\040\004\076\004\061\004\076\004\067\004\075\004\060\004\107\004\065\004\075\004\070\004\117}{}% 1
\BOOKMARK [1][-]{section.2}{\376\377\004\032\004\076\004\074\004\061\004\070\004\075\004\060\004\102\004\076\004\100\004\070\004\072\004\060}{}% 2
\BOOKMARK [1][-]{section.3}{\376\377\004\032\004\073\004\060\004\101\004\101\004\070\004\107\004\065\004\101\004\072\004\060\004\117\000\040\004\062\004\065\004\100\004\076\004\117\004\102\004\075\004\076\004\101\004\102\004\114}{}% 3
\BOOKMARK [2][-]{subsection.3.1}{\376\377\004\041\004\073\004\103\004\107\004\060\004\071\004\075\004\076\004\065\000\040\004\101\004\076\004\061\004\113\004\102\004\070\004\065\000,\000\040\004\062\004\065\004\100\004\076\004\117\004\102\004\075\004\076\004\101\004\102\004\114}{section.3}% 4
\BOOKMARK [2][-]{subsection.3.2}{\376\377\004\043\004\101\004\073\004\076\004\062\004\075\004\060\004\117\000\040\004\062\004\065\004\100\004\076\004\117\004\102\004\075\004\076\004\101\004\102\004\114}{section.3}% 5
\BOOKMARK [3][-]{subsubsection.3.2.1}{\376\377\004\042\004\065\004\076\004\100\004\065\004\074\004\060\000\040\004\103\004\074\004\075\004\076\004\066\004\065\004\075\004\070\004\117\000\040\004\070\000\040\004\075\004\065\004\067\004\060\004\062\004\070\004\101\004\070\004\074\004\076\004\101\004\102\004\114\000\040\004\101\004\076\004\061\004\113\004\102\004\070\004\071}{subsection.3.2}% 6
\BOOKMARK [3][-]{subsubsection.3.2.2}{\376\377\004\044\004\076\004\100\004\074\004\103\004\073\004\060\000\040\004\077\004\076\004\073\004\075\004\076\004\071\000\040\004\062\004\065\004\100\004\076\004\117\004\102\004\075\004\076\004\101\004\102\004\070}{subsection.3.2}% 7
\BOOKMARK [3][-]{subsubsection.3.2.3}{\376\377\004\044\004\076\004\100\004\074\004\103\004\073\004\060\000\040\004\021\004\060\004\071\004\065\004\101\004\060}{subsection.3.2}% 8
\BOOKMARK [1][-]{section.4}{\376\377\004\041\004\105\004\065\004\074\004\060\000\040\004\070\004\101\004\077\004\113\004\102\004\060\004\075\004\070\004\071\000\040\004\021\004\065\004\100\004\075\004\103\004\073\004\073\004\070}{}% 9
\BOOKMARK [1][-]{section.5}{\376\377\004\041\004\073\004\103\004\107\004\060\004\071\004\075\004\113\004\065\000\040\004\062\004\065\004\073\004\070\004\107\004\070\004\075\004\113}{}% 10
\BOOKMARK [2][-]{subsection.5.1}{\376\377\004\022\004\065\004\100\004\076\004\117\004\102\004\075\004\076\004\101\004\102\004\075\004\113\004\065\000\040\004\077\004\100\004\076\004\101\004\102\004\100\004\060\004\075\004\101\004\102\004\062\004\060\000\040\004\062\000\040\004\072\004\073\004\060\004\101\004\101\004\070\004\107\004\065\004\101\004\072\004\076\004\074\000\040\004\101\004\073\004\103\004\107\004\060\004\065\000\040\004\070\000\040\004\062\000\040\004\101\004\105\004\065\004\074\004\065\000\040\004\070\004\101\004\077\004\113\004\102\004\060\004\075\004\070\004\071\000\040\004\021\004\065\004\100\004\075\004\103\004\073\004\073\004\070}{section.5}% 11
\BOOKMARK [2][-]{subsection.5.2}{\376\377\004\036\004\077\004\100\004\065\004\064\004\065\004\073\004\065\004\075\004\070\004\065\000\040\004\101\004\073\004\103\004\107\004\060\004\071\004\075\004\076\004\071\000\040\004\062\004\065\004\073\004\070\004\107\004\070\004\075\004\113}{section.5}% 12
\BOOKMARK [2][-]{subsection.5.3}{\376\377\004\044\004\103\004\075\004\072\004\106\004\070\004\117\000\040\004\100\004\060\004\101\004\077\004\100\004\065\004\064\004\065\004\073\004\065\004\075\004\070\004\117\000\040\004\101\004\073\004\103\004\107\004\060\004\071\004\075\004\076\004\071\000\040\004\062\004\065\004\073\004\070\004\107\004\070\004\075\004\113}{section.5}% 13
\BOOKMARK [1][-]{section.6}{\376\377\004\034\004\060\004\102\004\065\004\074\004\060\004\102\004\070\004\107\004\065\004\101\004\072\004\076\004\065\000\040\004\076\004\066\004\070\004\064\004\060\004\075\004\070\004\065\000\040\004\070\000\040\004\064\004\070\004\101\004\077\004\065\004\100\004\101\004\070\004\117}{}% 14
\BOOKMARK [2][-]{subsection.6.1}{\376\377\004\034\004\060\004\102\004\065\004\074\004\060\004\102\004\070\004\107\004\065\004\101\004\072\004\076\004\065\000\040\004\076\004\066\004\070\004\064\004\060\004\075\004\070\004\065}{section.6}% 15
\BOOKMARK [2][-]{subsection.6.2}{\376\377\004\035\004\065\004\100\004\060\004\062\004\065\004\075\004\101\004\102\004\062\004\076\000\040\004\034\004\060\004\100\004\072\004\076\004\062\004\060}{section.6}% 16
\BOOKMARK [2][-]{subsection.6.3}{\376\377\004\024\004\070\004\101\004\077\004\065\004\100\004\101\004\070\004\117}{section.6}% 17
\BOOKMARK [2][-]{subsection.6.4}{\376\377\004\035\004\065\004\100\004\060\004\062\004\065\004\075\004\101\004\102\004\062\004\076\000\040\004\047\004\065\004\061\004\113\004\110\004\121\004\062\004\060}{section.6}% 18
\BOOKMARK [1][-]{section.7}{\376\377\004\040\004\060\004\101\004\077\004\100\004\065\004\064\004\065\004\073\004\065\004\075\004\070\004\117\000\040\004\101\004\073\004\103\004\107\004\060\004\071\004\075\004\113\004\105\000\040\004\062\004\065\004\073\004\070\004\107\004\070\004\075}{}% 19
\BOOKMARK [2][-]{subsection.7.1}{\376\377\004\020\004\061\004\101\004\076\004\073\004\116\004\102\004\075\004\076\000\040\004\075\004\065\004\077\004\100\004\065\004\100\004\113\004\062\004\075\004\113\004\065\000\040\004\101\004\073\004\103\004\107\004\060\004\071\004\075\004\113\004\065\000\040\004\062\004\065\004\073\004\070\004\107\004\070\004\075\004\113}{section.7}% 20
\BOOKMARK [2][-]{subsection.7.2}{\376\377\004\040\004\060\004\101\004\077\004\100\004\065\004\064\004\065\004\073\004\065\004\075\004\070\004\117\000\040\004\064\004\070\004\101\004\072\004\100\004\065\004\102\004\075\004\113\004\105\000\040\004\101\004\073\004\103\004\107\004\060\004\071\004\075\004\113\004\105\000\040\004\062\004\065\004\073\004\070\004\107\004\070\004\075}{section.7}% 21
\BOOKMARK [2][-]{subsection.7.3}{\376\377\004\040\004\060\004\101\004\077\004\100\004\065\004\064\004\065\004\073\004\065\004\075\004\070\004\117\000\040\004\060\000.\004\075\000.\004\101\000.\004\062\000.}{section.7}% 22
\BOOKMARK [2][-]{subsection.7.4}{\376\377\004\041\004\070\004\075\004\063\004\103\004\073\004\117\004\100\004\075\004\113\004\065\000\040\004\100\004\060\004\101\004\077\004\100\004\065\004\064\004\065\004\073\004\065\004\075\004\070\004\117}{section.7}% 23
\BOOKMARK [1][-]{section.8}{\376\377\004\035\004\065\004\067\004\060\004\062\004\070\004\101\004\070\004\074\004\113\004\065\000\040\004\101\004\073\004\103\004\107\004\060\004\071\004\075\004\113\004\065\000\040\004\062\004\065\004\073\004\070\004\107\004\070\004\075\004\113\000\040\004\070\000\040\004\067\004\060\004\072\004\076\004\075\000\040\004\061\004\076\004\073\004\114\004\110\004\070\004\105\000\040\004\107\004\070\004\101\004\065\004\073}{}% 24
\BOOKMARK [1][-]{section.9}{\376\377\004\037\004\100\004\065\004\064\004\065\004\073\004\114\004\075\004\113\004\065\000\040\004\102\004\065\004\076\004\100\004\065\004\074\004\113}{}% 25
\BOOKMARK [1][-]{section.10}{\376\377\004\023\004\065\004\076\004\074\004\065\004\102\004\100\004\070\004\107\004\065\004\101\004\072\004\060\004\117\000\040\004\062\004\065\004\100\004\076\004\117\004\102\004\075\004\076\004\101\004\102\004\114}{}% 26
\BOOKMARK [1][-]{section.11}{\376\377\004\032\004\076\004\073\004\074\004\076\004\063\004\076\004\100\004\076\004\062\004\101\004\072\004\060\004\117\000\040\004\060\004\072\004\101\004\070\004\076\004\074\004\060\004\102\004\070\004\072\004\060}{}% 27
